Determining if the pthread_create exist failed with the following output:
Change Dir: /home/nvidia/autoparking/cpp2py/TT/CMakeFiles/CMakeTmp

Run Build Command:"/usr/bin/make" "cmTC_444cc/fast"
/usr/bin/make -f CMakeFiles/cmTC_444cc.dir/build.make CMakeFiles/cmTC_444cc.dir/build
make[1]: Entering directory '/home/nvidia/autoparking/cpp2py/TT/CMakeFiles/CMakeTmp'
Building C object CMakeFiles/cmTC_444cc.dir/CheckSymbolExists.c.o
/usr/bin/cc   -fPIC    -o CMakeFiles/cmTC_444cc.dir/CheckSymbolExists.c.o   -c /home/nvidia/autoparking/cpp2py/TT/CMakeFiles/CMakeTmp/CheckSymbolExists.c
Linking C executable cmTC_444cc
/usr/bin/cmake -E cmake_link_script CMakeFiles/cmTC_444cc.dir/link.txt --verbose=1
/usr/bin/cc -fPIC     CMakeFiles/cmTC_444cc.dir/CheckSymbolExists.c.o  -o cmTC_444cc 
CMakeFiles/cmTC_444cc.dir/CheckSymbolExists.c.o: In function `main':
CheckSymbolExists.c:(.text+0x14): undefined reference to `pthread_create'
CheckSymbolExists.c:(.text+0x18): undefined reference to `pthread_create'
collect2: error: ld returned 1 exit status
CMakeFiles/cmTC_444cc.dir/build.make:97: recipe for target 'cmTC_444cc' failed
make[1]: *** [cmTC_444cc] Error 1
make[1]: Leaving directory '/home/nvidia/autoparking/cpp2py/TT/CMakeFiles/CMakeTmp'
Makefile:126: recipe for target 'cmTC_444cc/fast' failed
make: *** [cmTC_444cc/fast] Error 2

File /home/nvidia/autoparking/cpp2py/TT/CMakeFiles/CMakeTmp/CheckSymbolExists.c:
/* */
#include <pthread.h>

int main(int argc, char** argv)
{
  (void)argv;
#ifndef pthread_create
  return ((int*)(&pthread_create))[argc];
#else
  (void)argc;
  return 0;
#endif
}

Determining if the function pthread_create exists in the pthreads failed with the following output:
Change Dir: /home/nvidia/autoparking/cpp2py/TT/CMakeFiles/CMakeTmp

Run Build Command:"/usr/bin/make" "cmTC_a58ad/fast"
/usr/bin/make -f CMakeFiles/cmTC_a58ad.dir/build.make CMakeFiles/cmTC_a58ad.dir/build
make[1]: Entering directory '/home/nvidia/autoparking/cpp2py/TT/CMakeFiles/CMakeTmp'
Building C object CMakeFiles/cmTC_a58ad.dir/CheckFunctionExists.c.o
/usr/bin/cc   -fPIC -DCHECK_FUNCTION_EXISTS=pthread_create   -o CMakeFiles/cmTC_a58ad.dir/CheckFunctionExists.c.o   -c /usr/share/cmake-3.10/Modules/CheckFunctionExists.c
Linking C executable cmTC_a58ad
/usr/bin/cmake -E cmake_link_script CMakeFiles/cmTC_a58ad.dir/link.txt --verbose=1
/usr/bin/cc -fPIC -DCHECK_FUNCTION_EXISTS=pthread_create    CMakeFiles/cmTC_a58ad.dir/CheckFunctionExists.c.o  -o cmTC_a58ad -lpthreads 
/usr/bin/ld: cannot find -lpthreads
collect2: error: ld returned 1 exit status
CMakeFiles/cmTC_a58ad.dir/build.make:97: recipe for target 'cmTC_a58ad' failed
make[1]: *** [cmTC_a58ad] Error 1
make[1]: Leaving directory '/home/nvidia/autoparking/cpp2py/TT/CMakeFiles/CMakeTmp'
Makefile:126: recipe for target 'cmTC_a58ad/fast' failed
make: *** [cmTC_a58ad/fast] Error 2


